{
  "RSpec": {
    "coverage": {
      "/Users/matt/code/ruby/card_decks/lib/card_decks.rb": [
        1,
        null,
        1,
        1,
        1,
        1,
        1,
        1,
        1,
        null,
        1,
        null,
        null
      ],
      "/Users/matt/code/ruby/card_decks/lib/card_decks/card.rb": [
        1,
        1,
        null,
        1,
        null,
        1,
        1622,
        1622,
        1621,
        1621,
        1621,
        1621,
        null,
        null,
        1,
        2,
        null,
        null,
        1,
        53,
        null,
        null,
        1,
        2,
        null,
        null,
        null,
        null
      ],
      "/Users/matt/code/ruby/card_decks/lib/card_decks/decks/enumerable.rb": [
        1,
        1,
        1,
        1,
        null,
        1,
        null,
        1,
        0,
        0,
        null,
        null,
        1,
        1,
        null,
        null,
        1,
        213,
        null,
        null,
        1,
        13,
        null,
        null,
        1,
        4,
        110,
        null,
        0,
        null,
        null,
        null,
        null,
        null
      ],
      "/Users/matt/code/ruby/card_decks/lib/card_decks/decks/configurable.rb": [
        1,
        1,
        1,
        1,
        null,
        1,
        1,
        1,
        1,
        1,
        null,
        null,
        1,
        1,
        1,
        52,
        1,
        null,
        null,
        null,
        1,
        1,
        null,
        null,
        1,
        1612,
        null,
        null,
        1,
        null,
        1,
        null,
        1,
        2,
        2,
        2,
        null,
        null,
        1,
        1612,
        null,
        null,
        null,
        null,
        null,
        null,
        null
      ],
      "/Users/matt/code/ruby/card_decks/lib/card_decks/decks/values.rb": [
        1,
        1,
        1,
        1,
        null,
        1,
        1,
        31,
        null,
        null,
        1,
        null,
        null,
        null,
        null,
        null,
        null,
        null,
        null,
        null,
        null,
        null,
        null,
        null,
        null,
        1,
        1650,
        null,
        null,
        1,
        1,
        1,
        2,
        null,
        null,
        1,
        31,
        1612,
        1612,
        1612,
        null,
        null,
        null,
        null,
        null,
        null
      ],
      "/Users/matt/code/ruby/card_decks/lib/card_decks/hand.rb": [
        1,
        1,
        1,
        1,
        null,
        1,
        1,
        27,
        27,
        27,
        26,
        26,
        26,
        203,
        null,
        null,
        null,
        1,
        7,
        7,
        null,
        null,
        1,
        30,
        null,
        null,
        null,
        null
      ],
      "/Users/matt/code/ruby/card_decks/lib/card_decks/deck.rb": [
        1,
        1,
        1,
        1,
        1,
        null,
        1,
        1,
        30,
        30,
        30,
        30,
        null,
        null,
        1,
        1,
        2,
        null,
        null,
        null,
        1,
        1,
        21,
        195,
        195,
        14,
        14,
        null,
        195,
        195,
        null,
        21,
        21,
        21,
        null,
        null,
        1,
        10,
        15,
        15,
        110,
        138,
        null,
        null,
        null,
        1,
        1,
        1,
        1,
        null,
        null,
        1,
        14,
        14,
        null,
        null,
        1,
        1,
        1,
        null,
        null,
        null,
        null,
        null
      ],
      "/Users/matt/code/ruby/card_decks/spec/lib/card_decks/deck_spec.rb": [
        1,
        1,
        null,
        1,
        null,
        12,
        null,
        1,
        null,
        1,
        1,
        1,
        null,
        null,
        null,
        null,
        1,
        null,
        1,
        1,
        null,
        null,
        1,
        1,
        1,
        1,
        null,
        null,
        1,
        1,
        1,
        1,
        null,
        null,
        null,
        null,
        1,
        null,
        4,
        2,
        null,
        4,
        null,
        1,
        1,
        null,
        null,
        1,
        1,
        null,
        null,
        1,
        1,
        null,
        null,
        1,
        3,
        null,
        null,
        null,
        null,
        1,
        null,
        1,
        12,
        null,
        null,
        1,
        1,
        1,
        null,
        null,
        1,
        1,
        1,
        null,
        null,
        1,
        1,
        null,
        null,
        null,
        null,
        1,
        null,
        1,
        1,
        1,
        1,
        1,
        null,
        null,
        1,
        1,
        3,
        null,
        4,
        null,
        1,
        1,
        null,
        null,
        null,
        null,
        null
      ],
      "/Users/matt/code/ruby/card_decks/spec/lib/card_decks/decks/configurable_spec.rb": [
        1,
        null,
        1,
        null,
        1,
        null,
        1,
        2,
        null,
        null,
        1,
        1,
        null,
        null,
        1,
        1,
        1,
        3,
        null,
        null,
        null
      ],
      "/Users/matt/code/ruby/card_decks/spec/lib/card_decks/decks/values_spec.rb": [
        1,
        null,
        1,
        null,
        5,
        null,
        1,
        null,
        1,
        1,
        null,
        null,
        1,
        1,
        null,
        null,
        1,
        53,
        null,
        null,
        1,
        52,
        null,
        1,
        null,
        null,
        null,
        null,
        null
      ],
      "/Users/matt/code/ruby/card_decks/spec/lib/card_decks/hand_spec.rb": [
        1,
        1,
        null,
        1,
        null,
        6,
        5,
        5,
        null,
        1,
        1,
        null,
        null,
        1,
        1,
        null,
        null,
        1,
        1,
        null,
        null,
        1,
        1,
        null,
        null,
        1,
        1,
        1,
        1,
        null,
        null,
        1,
        2,
        null,
        null,
        1,
        1,
        1,
        2,
        null,
        null,
        1,
        1,
        null,
        null,
        null
      ],
      "/Users/matt/code/ruby/card_decks/spec/lib/card_decks_spec.rb": [
        1,
        null,
        1,
        null,
        1,
        1,
        null,
        null,
        null
      ]
    },
    "timestamp": 1409873142
  }
}
