{
  "RSpec": {
    "coverage": {
      "/Users/matt/code/ruby/card_decks/lib/card_decks.rb": [
        1,
        null,
        1,
        1,
        1,
        1,
        1,
        1,
        1,
        null,
        1,
        null,
        null
      ],
      "/Users/matt/code/ruby/card_decks/lib/card_decks/card.rb": [
        1,
        1,
        null,
        1,
        null,
        1,
        2094,
        2094,
        2093,
        2093,
        2093,
        2,
        2146,
        null,
        null,
        1,
        4,
        null,
        null,
        1,
        317,
        null,
        null,
        1,
        12,
        null,
        null,
        1,
        52,
        null,
        null,
        1,
        1,
        1,
        null,
        0,
        null,
        null,
        null,
        null,
        null
      ],
      "/Users/matt/code/ruby/card_decks/lib/card_decks/decks/enumerable.rb": [
        1,
        1,
        1,
        1,
        null,
        1,
        null,
        1,
        0,
        0,
        null,
        null,
        1,
        1,
        null,
        null,
        1,
        214,
        213,
        1,
        null,
        53,
        3,
        1,
        1,
        null,
        null,
        null,
        1,
        13,
        null,
        null,
        1,
        4,
        110,
        null,
        0,
        null,
        null,
        null,
        null,
        null
      ],
      "/Users/matt/code/ruby/card_decks/lib/card_decks/decks/values.rb": [
        1,
        1,
        1,
        1,
        null,
        1,
        null,
        1,
        null,
        null,
        null,
        null,
        null,
        null,
        null,
        null,
        null,
        null,
        null,
        null,
        null,
        null,
        null,
        1,
        1,
        null,
        1,
        40,
        null,
        null,
        1,
        2129,
        null,
        null,
        1,
        1,
        6,
        null,
        null,
        1,
        40,
        null,
        2080,
        2080,
        null,
        40,
        2,
        40,
        null,
        null,
        1,
        null,
        1,
        8,
        null,
        null,
        1,
        40,
        null,
        null,
        1,
        1,
        3,
        null,
        null,
        1,
        41,
        null,
        null,
        1,
        39,
        null,
        null,
        null,
        null,
        null,
        null,
        null
      ],
      "/Users/matt/code/ruby/card_decks/lib/card_decks/decks/configurable.rb": [
        1,
        1,
        1,
        1,
        1,
        null,
        1,
        4,
        4,
        1,
        1,
        null,
        3,
        1,
        null,
        2,
        2,
        null,
        null,
        4,
        null,
        null,
        1,
        4,
        4,
        210,
        52,
        104,
        null,
        158,
        null,
        4,
        null,
        null,
        null,
        1,
        6,
        null,
        null,
        1,
        2132,
        null,
        null,
        1,
        2,
        null,
        null,
        1,
        53,
        null,
        null,
        1,
        2,
        2,
        null,
        null,
        1,
        46,
        null,
        null,
        1,
        null,
        1,
        null,
        1,
        12,
        12,
        2,
        2,
        null,
        10,
        1,
        null,
        9,
        9,
        null,
        null,
        null,
        null,
        1,
        2132,
        null,
        null,
        1,
        1,
        null,
        null,
        1,
        1,
        null,
        null,
        1,
        0,
        0,
        null,
        null,
        1,
        46,
        null,
        null,
        null,
        null,
        null,
        null,
        null
      ],
      "/Users/matt/code/ruby/card_decks/lib/card_decks/hand.rb": [
        1,
        1,
        1,
        1,
        null,
        1,
        1,
        28,
        28,
        28,
        27,
        27,
        27,
        205,
        null,
        null,
        null,
        1,
        7,
        7,
        null,
        null,
        1,
        57,
        12,
        46,
        null,
        12,
        1,
        null,
        66,
        null,
        null,
        null,
        null,
        null
      ],
      "/Users/matt/code/ruby/card_decks/lib/card_decks/deck.rb": [
        1,
        1,
        1,
        1,
        1,
        null,
        1,
        1,
        39,
        39,
        39,
        39,
        null,
        null,
        1,
        2,
        4,
        null,
        null,
        null,
        1,
        1,
        21,
        195,
        195,
        14,
        14,
        null,
        195,
        195,
        null,
        21,
        21,
        21,
        null,
        null,
        1,
        10,
        15,
        15,
        110,
        138,
        null,
        null,
        null,
        1,
        1,
        1,
        1,
        null,
        null,
        1,
        14,
        14,
        null,
        null,
        1,
        1,
        1,
        null,
        null,
        null,
        null,
        null
      ],
      "/Users/matt/code/ruby/card_decks/spec/lib/card_decks/deck_spec.rb": [
        1,
        1,
        null,
        1,
        null,
        12,
        null,
        1,
        null,
        1,
        1,
        1,
        null,
        null,
        null,
        null,
        1,
        null,
        1,
        1,
        null,
        null,
        1,
        1,
        1,
        1,
        null,
        null,
        1,
        1,
        1,
        1,
        null,
        null,
        null,
        null,
        1,
        null,
        4,
        2,
        null,
        4,
        null,
        1,
        1,
        null,
        null,
        1,
        1,
        null,
        null,
        1,
        1,
        null,
        null,
        1,
        3,
        null,
        null,
        null,
        null,
        1,
        null,
        1,
        12,
        null,
        null,
        1,
        1,
        1,
        null,
        null,
        1,
        1,
        1,
        null,
        null,
        1,
        1,
        null,
        null,
        null,
        null,
        1,
        null,
        1,
        1,
        1,
        1,
        1,
        null,
        null,
        1,
        1,
        3,
        null,
        4,
        null,
        1,
        1,
        null,
        null,
        null,
        null,
        null
      ],
      "/Users/matt/code/ruby/card_decks/spec/lib/card_decks/decks/configurable_spec.rb": [
        1,
        null,
        1,
        1,
        null,
        1,
        null,
        1,
        null,
        1,
        7,
        7,
        7,
        null,
        null,
        1,
        1,
        null,
        null,
        1,
        1,
        1,
        null,
        null,
        1,
        1,
        1,
        null,
        null,
        1,
        1,
        1,
        1,
        null,
        null,
        1,
        1,
        1,
        null,
        null,
        1,
        1,
        0,
        null,
        1,
        1,
        null,
        null,
        1,
        1,
        53,
        null,
        1,
        7,
        null,
        1,
        null,
        null,
        null,
        null,
        1,
        null,
        10,
        null,
        1,
        1,
        null,
        null,
        1,
        1,
        2,
        null,
        null,
        1,
        1,
        4,
        null,
        1,
        null,
        null,
        1,
        1,
        1,
        2,
        null,
        1,
        null,
        null,
        1,
        1,
        1,
        null,
        null,
        1,
        1,
        53,
        null,
        null,
        1,
        1,
        52,
        null,
        1,
        4,
        null,
        1,
        null,
        null,
        1,
        1,
        0,
        null,
        0,
        null,
        null,
        1,
        1,
        null,
        null,
        1,
        1,
        null,
        null,
        1,
        1,
        null,
        null,
        1,
        1,
        null,
        1,
        null,
        null,
        null,
        null,
        null
      ],
      "/Users/matt/code/ruby/card_decks/spec/lib/card_decks/decks/values_spec.rb": [
        1,
        null,
        1,
        null,
        5,
        null,
        1,
        null,
        1,
        1,
        null,
        null,
        1,
        1,
        null,
        null,
        1,
        53,
        null,
        null,
        1,
        52,
        null,
        1,
        null,
        null,
        null,
        null,
        null
      ],
      "/Users/matt/code/ruby/card_decks/spec/lib/card_decks/hand_spec.rb": [
        1,
        1,
        null,
        1,
        null,
        6,
        5,
        5,
        null,
        1,
        1,
        null,
        null,
        1,
        1,
        null,
        null,
        1,
        1,
        null,
        null,
        1,
        1,
        null,
        null,
        1,
        1,
        1,
        1,
        null,
        null,
        1,
        2,
        null,
        null,
        1,
        1,
        1,
        2,
        null,
        null,
        1,
        1,
        1,
        null,
        null,
        null
      ],
      "/Users/matt/code/ruby/card_decks/spec/lib/card_decks_spec.rb": [
        1,
        null,
        1,
        null,
        1,
        1,
        null,
        null,
        null
      ]
    },
    "timestamp": 1409884359
  }
}
